0 info it worked if it ends with ok
1 verbose cli [ '/Users/jdubie/.nvm/v0.8.11/bin/node',
1 verbose cli   '/Users/jdubie/.nvm/v0.8.11/bin/npm',
1 verbose cli   'install',
1 verbose cli   '.' ]
2 info using npm@1.1.62
3 info using node@v0.8.11
4 verbose read json /Users/jdubie/Dropbox/Developer/academic/cs221/final/package.json
5 warn package.json willy-maze@0.0.1 No README.md file found!
6 verbose readDependencies using package.json deps
7 verbose install where, deps [ '/Users/jdubie/Dropbox/Developer/academic/cs221/final',
7 verbose install   [ 'optimist', 'browserify' ] ]
8 verbose from cache /Users/jdubie/Dropbox/Developer/academic/cs221/final/package.json
9 info preinstall willy-maze@0.0.1
10 verbose read json /Users/jdubie/Dropbox/Developer/academic/cs221/final/node_modules/optimist/package.json
11 verbose from cache /Users/jdubie/Dropbox/Developer/academic/cs221/final/package.json
12 verbose readDependencies using package.json deps
13 verbose from cache /Users/jdubie/Dropbox/Developer/academic/cs221/final/node_modules/optimist/package.json
14 verbose already installed skipping optimist@* /Users/jdubie/Dropbox/Developer/academic/cs221/final
15 verbose cache add [ 'browserify@*', null ]
16 silly cache add name=undefined spec="browserify@*" args=["browserify@*",null]
17 verbose parsed url { pathname: 'browserify@*',
17 verbose parsed url   path: 'browserify@*',
17 verbose parsed url   href: 'browserify@*' }
18 silly cache add name="browserify" spec="*" args=["browserify","*"]
19 verbose parsed url { pathname: '*', path: '*', href: '*' }
20 verbose addNamed [ 'browserify', '*' ]
21 verbose addNamed [ null, '' ]
22 silly lockFile 1ce535cc-browserify browserify@*
23 verbose lock browserify@* /Users/jdubie/.npm/1ce535cc-browserify.lock
24 silly addNameRange { name: 'browserify', range: '', hasData: false }
25 verbose url raw browserify
26 verbose url resolving [ 'https://registry.npmjs.org/', './browserify' ]
27 verbose url resolved https://registry.npmjs.org/browserify
28 info trying registry request attempt 1 at 16:21:07
29 http GET https://registry.npmjs.org/browserify
30 http 401 https://registry.npmjs.org/browserify
31 silly registry.get cb [ 401,
31 silly registry.get   { server: 'CouchDB/1.2.0 (Erlang OTP/R15B)',
31 silly registry.get     date: 'Fri, 21 Dec 2012 00:20:08 GMT',
31 silly registry.get     'content-type': 'application/json',
31 silly registry.get     'content-length': '67',
31 silly registry.get     'cache-control': 'must-revalidate' } ]
32 silly lockFile 1ce535cc-browserify browserify@*
33 error Error: unauthorized Name or password is incorrect.: browserify
33 error     at RegClient.<anonymous> (/Users/jdubie/.nvm/v0.8.11/lib/node_modules/npm/node_modules/npm-registry-client/lib/request.js:259:14)
33 error     at Request.init.self.callback (/Users/jdubie/.nvm/v0.8.11/lib/node_modules/npm/node_modules/request/main.js:120:22)
33 error     at Request.EventEmitter.emit (events.js:96:17)
33 error     at Request.<anonymous> (/Users/jdubie/.nvm/v0.8.11/lib/node_modules/npm/node_modules/request/main.js:648:16)
33 error     at Request.EventEmitter.emit (events.js:123:20)
33 error     at IncomingMessage.Request.start.self.req.self.httpModule.request.buffer (/Users/jdubie/.nvm/v0.8.11/lib/node_modules/npm/node_modules/request/main.js:610:14)
33 error     at IncomingMessage.EventEmitter.emit (events.js:123:20)
33 error     at IncomingMessage._emitEnd (http.js:366:10)
33 error     at HTTPParser.parserOnMessageComplete [as onMessageComplete] (http.js:149:23)
33 error     at CleartextStream.socketOnData (http.js:1366:20)
34 error If you need help, you may report this log at:
34 error     <http://github.com/isaacs/npm/issues>
34 error or email it to:
34 error     <npm-@googlegroups.com>
35 error System Darwin 10.8.0
36 error command "/Users/jdubie/.nvm/v0.8.11/bin/node" "/Users/jdubie/.nvm/v0.8.11/bin/npm" "install" "."
37 error cwd /Users/jdubie/Dropbox/Developer/academic/cs221/final
38 error node -v v0.8.11
39 error npm -v 1.1.62
40 verbose exit [ 1, true ]
